make all --print-data-base --no-builtin-variables --no-builtin-rules --question
# GNU Make 4.3
# Built for x86_64-pc-linux-gnu
# Copyright (C) 1988-2020 Free Software Foundation, Inc.
# License GPLv3+: GNU GPL version 3 or later <http://gnu.org/licenses/gpl.html>
# This is free software: you are free to change and redistribute it.
# There is NO WARRANTY, to the extent permitted by law.

# Make data base, printed on Mon Aug 22 09:26:49 2022

# Variables

# environment
GDK_BACKEND = x11
# makefile (from 'Makefile', line 1)
OUTPUT = main
# environment
LC_ALL = C
# environment
NO_AT_BRIDGE = 1
# environment
SNAP_INSTANCE_KEY = 
# environment
GJS_DEBUG_OUTPUT = stderr
# environment
LC_NAME = pt_BR.UTF-8
# environment
LC_NUMERIC = pt_BR.UTF-8
# environment
VSCODE_CWD = /home/marco
# environment
LESS_TERMCAP_me = [0m
# environment
LC_ADDRESS = pt_BR.UTF-8
# environment
GDM_LANG = pt_BR.UTF-8
# default
MAKE_COMMAND := make
# automatic
@D = $(patsubst %/,%,$(dir $@))
# environment
SNAP_INSTANCE_NAME = code
# environment
GDK_PIXBUF_MODULEDIR = /snap/code/105/usr/lib/x86_64-linux-gnu/gdk-pixbuf-2.0/2.10.0/loaders
# makefile (from 'Makefile', line 4)
OPENGL = -lGL
# environment
VSCODE_HANDLES_UNCAUGHT_ERRORS = true
# default
.VARIABLES := 
# environment
PWD = /home/marco/Documentos/sfml-opengl-imgui
# automatic
%D = $(patsubst %/,%,$(dir $%))
# environment
MAIL = /var/spool/mail/marco
# environment
XDG_DATA_DIRS = /home/marco/.local/share/flatpak/exports/share:/var/lib/flatpak/exports/share:/usr/local/share/:/usr/share/:/var/lib/snapd/desktop
# environment
 
OLDPWD = /home/marco
# automatic
^D = $(patsubst %/,%,$(dir $^))
# automatic
%F = $(notdir $%)
# environment
VSCODE_CODE_CACHE_PATH = /home/marco/.config/Code/CachedData/e4503b30fc78200f846c62cf8091b76ff5547662
# environment
LANG = C
# environment
XAUTHORITY = /run/user/1000/.mutter-Xwaylandauth.MHVKR1
# default
.LOADED := 
# environment
LESS_TERMCAP_md = [01;32m
# default
.INCLUDE_DIRS = /usr/include /usr/local/include /usr/include
# makefile
MAKEFLAGS = pqrR
# environment
LESS_TERMCAP_so = [01;47;34m
# makefile
CURDIR := /home/marco/Documentos/sfml-opengl-imgui
# environment
APPLICATION_INSIGHTS_NO_DIAGNOSTIC_CHANNEL = 1
# automatic
*D = $(patsubst %/,%,$(dir $*))
# environment
LESS_TERMCAP_ue = [0m
# environment
MFLAGS = -pqrR
# environment
SSH_AUTH_SOCK = /run/user/1000/keyring/ssh
# default
.SHELLFLAGS := -c
# environment
WAYLAND_DISPLAY = wayland-0
# automatic
+D = $(patsubst %/,%,$(dir $+))
# environment
P9K_SSH = 0
# environment
XDG_SESSION_DESKTOP = gnome
# makefile (from 'Makefile', line 1)
MAKEFILE_LIST := Makefile
# environment
SNAP_REEXEC = 
# automatic
@F = $(notdir $@)
# environment
VSCODE_PID = 2974
# environment
MOZ_ENABLE_WAYLAND = 1
# environment
XDG_SESSION_TYPE = wayland
# automatic
?D = $(patsubst %/,%,$(dir $?))
# environment
BAMF_DESKTOP_FILE_HINT = /var/lib/snapd/desktop/applications/code_code.desktop
# makefile (from 'Makefile', line 7)
ALLFLAGS = $(SFML) $(OPENGL) 
# environment
SESSION_MANAGER = local/marco:@/tmp/.ICE-unix/1175,unix/marco:/tmp/.ICE-unix/1175
# automatic
*F = $(notdir $*)
# makefile (from 'Makefile', line 3)
SFML = -lsfml-graphics -lsfml-window -lsfml-system
# environment
QT_QPA_PLATFORMTHEME = qt5ct
# environment
CHROME_DESKTOP = code-url-handler.desktop
# environment
DBUS_SESSION_BUS_ADDRESS = unix:path=/run/user/1000/bus
# automatic
<D = $(patsubst %/,%,$(dir $<))
# environment
VSCODE_NLS_CONFIG = {"locale":"pt-br","availableLanguages":{"*":"pt-br"},"_languagePackId":"8e7a008e83c664b9876a8f72ff0490ae.pt-br","_translationsConfigFile":"/home/marco/.config/Code/clp/8e7a008e83c664b9876a8f72ff0490ae.pt-br/tcf.json","_cacheRoot":"/home/marco/.config/Code/clp/8e7a008e83c664b9876a8f72ff0490ae.pt-br","_resolvedLanguagePackCoreLocation":"/home/marco/.config/Code/clp/8e7a008e83c664b9876a8f72ff0490ae.pt-br/e4503b30fc78200f846c62cf8091b76ff5547662","_corruptedFile":"/home/marco/.config/Code/clp/8e7a008e83c664b9876a8f72ff0490ae.pt-br/corrupted.info","_languagePackSupport":true}
# makefile (from 'Makefile', line 5)
INCLUDE = ./include
# default
MAKE_HOST := x86_64-pc-linux-gnu
# makefile (from 'Makefile', line 6)
OBJS = main.o imgui.o imgui_draw.o imgui-SFML.o imgui_tables.o imgui_widgets.o imgui_demo.o
# makefile
SHELL = /bin/sh
# environment
LESS_TERMCAP_us = [01;36m
# default
MAKECMDGOALS := all
# environment
XMODIFIERS = @im=ibus
# environment
GJS_DEBUG_TOPICS = JS ERROR;JS LOG
# environment
SHLVL = 1
# environment
MAKELEVEL := 0
# default
MAKE = $(MAKE_COMMAND)
# environment
SNAP_COOKIE = tLUMr1K8XtgCnSZAqlZqllHqjdm2z_KfvN7ElLHEn1iDHbNJij6v
# environment
PATH = /home/marco/.asdf/shims:/opt/asdf-vm/bin:/home/marco/.local/bin:/home/marco/.local/bin:/home/marco/.cargo/bin:/usr/local/bin:/usr/bin:/var/lib/snapd/snap/bin:/usr/local/sbin:/var/lib/flatpak/exports/bin:/usr/lib/jvm/default/bin:/usr/bin/site_perl:/usr/bin/vendor_perl:/usr/bin/core_perl:/usr/lib/jvm/default/bin
# environment
LESS_TERMCAP_se = [0m
# default
MAKEFILES := 
# environment
LC_MONETARY = pt_BR.UTF-8
# environment
MOTD_SHOWN = pam
# automatic
^F = $(notdir $^)
# environment
SNAP_USER_COMMON = /home/marco/snap/code/common
# environment
LC_TIME = pt_BR.UTF-8
# environment
LESS_TERMCAP_mb = [01;32m
# environment
SNAP = /snap/code/105
# environment
INVOCATION_ID = 7f503a71b6714a6c8feb6300e8b48124
# environment
SNAP_REVISION = 105
# environment
SNAP_REAL_HOME = /home/marco
# environment
USERNAME = marco
# environment
GNOME_SETUP_DISPLAY = :1
# environment
 
LC_TELEPHONE = pt_BR.UTF-8
# automatic
?F = $(notdir $?)
# environment
XDG_CURRENT_DESKTOP = GNOME
# environment
LS_COLORS = 
# automatic
+F = $(notdir $+)
# environment
LESS = -R
# environment
DESKTOP_SESSION = gnome
# environment
ORIGINAL_XDG_CURRENT_DESKTOP = GNOME
# 'override' directive
GNUMAKEFLAGS := 
# environment
LOGNAME = marco
# environment
GIO_LAUNCHED_DESKTOP_FILE = /var/lib/snapd/desktop/applications/code_code.desktop
# environment
SNAP_ARCH = amd64
# environment
ASDF_DIR = /opt/asdf-vm
# makefile
.DEFAULT_GOAL := all
# environment
SYSTEMD_EXEC_PID = 1195
# environment
EDITOR = /usr/bin/nano
# environment
DISPLAY = :0
# environment
USER = marco
# default
MAKE_VERSION := 4.3
# environment
DISABLE_WAYLAND = 1
# environment
SNAP_DATA = /var/snap/code/105
# environment
SNAP_CONTEXT = tLUMr1K8XtgCnSZAqlZqllHqjdm2z_KfvN7ElLHEn1iDHbNJij6v
# environment
MANAGERPID = 1094
# environment
LC_MEASUREMENT = pt_BR.UTF-8
# environment
GIO_LAUNCHED_DESKTOP_FILE_PID = 2926
# environment
_ = /usr/bin/make
# environment
LC_PAPER = pt_BR.UTF-8
# environment
XDG_RUNTIME_DIR = /run/user/1000
# environment
GDK_PIXBUF_MODULE_FILE = /home/marco/snap/code/common/.cache/gdk-pixbuf-loaders.cache
# environment
JOURNAL_STREAM = 8:22480
# environment
XDG_SESSION_CLASS = user
# environment
VSCODE_AMD_ENTRYPOINT = vs/workbench/api/node/extensionHostProcess
# environment
HOME = /home/marco
# environment
QT_IM_MODULE = ibus
# environment
ELECTRON_RUN_AS_NODE = 1
# environment
VSCODE_IPC_HOOK = /run/user/1000/vscode-112b8139-1.70.2-main.sock
# environment
SNAP_NAME = code
# environment
GSETTINGS_SCHEMA_DIR = /snap/code/105/usr/share/glib-2.0/schemas
# default
.RECIPEPREFIX := 
# automatic
<F = $(notdir $<)
# environment
SNAP_VERSION = e4503b30
# default
SUFFIXES := 
# environment
QT_AUTO_SCREEN_SCALE_FACTOR = 1
# environment
VSCODE_CLI = 1
# environment
ELECTRON_NO_ATTACH_CONSOLE = 1
# environment
SNAP_COMMON = /var/snap/code/common
# environment
LS_OPTIONS = --color=auto
# default
.FEATURES := target-specific order-only second-expansion else-if shortest-stem undefine oneshell nocomment grouped-target extra-prereqs archives jobserver output-sync check-symlink guile load
# makefile (from 'Makefile', line 2)
CXX = g++ -std=c++11 
# environment
SNAP_USER_DATA = /home/marco/snap/code/105
# environment
XDG_MENU_PREFIX = gnome-
# environment
GDMSESSION = gnome
# environment
PKGFILE_PROMPT_INSTALL_MISSING = 1
# environment
LC_IDENTIFICATION = pt_BR.UTF-8
# environment
SNAP_LIBRARY_PATH = /var/lib/snapd/lib/gl:/var/lib/snapd/lib/gl32:/var/lib/snapd/void
# variable set hash-table stats:
# Load=144/1024=14%, Rehash=0, Collisions=13/190=7%

# Pattern-specific Variable Values

# No pattern-specific variable values.

# Directories

# . (device 2052, inode 2687128): 18 files, no impossibilities.

# 18 files, no impossibilities in 1 directories.

# Implicit Rules

# No implicit rules.

# Files

# Not a target:
include/imgui_draw.cpp:
#  Implicit rule search has been done.
#  Last modified 2022-08-20 18:08:19
#  File has been updated.
#  Successfully updated.

imgui_widgets.o: include/imgui_widgets.cpp
#  Implicit rule search has not been done.
#  Last modified 2022-08-22 09:25:50.941948977
#  File has been updated.
#  Successfully updated.
#  recipe to execute (from 'Makefile', line 28):
	$(CXX) -c $(INCLUDE)/imgui_widgets.cpp -o imgui_widgets.o

# Not a target:
include/imgui_demo.cpp:
#  Implicit rule search has been done.
#  Last modified 2022-08-20 18:08:19
#  File has been updated.
#  Successfully updated.

imgui_tables.o: include/imgui_tables.cpp
#  Implicit rule search has not been done.
#  Last modified 2022-08-22 09:25:48.521948925
#  File has been updated.
#  Successfully updated.
#  recipe to execute (from 'Makefile', line 25):
	$(CXX) -c $(INCLUDE)/imgui_tables.cpp -o imgui_tables.o

imgui-SFML.o: include/imgui-SFML.cpp
#  Implicit rule search has not been done.
#  Last modified 2022-08-22 09:25:47.001948892
#  File has been updated.
#  Successfully updated.
#  recipe to execute (from 'Makefile', line 22):
	$(CXX) -c $(INCLUDE)/imgui-SFML.cpp -o imgui-SFML.o

# Not a target:
Makefile:
#  Implicit rule search has been done.
#  Last modified 2022-08-22 00:32:14.62181154
#  File has been updated.
#  Successfully updated.

clean:
#  Implicit rule search has not been done.
#  Modification time never checked.
#  File has not been updated.
#  recipe to execute (from 'Makefile', line 39):
	rm -rf ./*.o

# Not a target:
include/imgui_tables.cpp:
#  Implicit rule search has been done.
#  Last modified 2022-08-20 18:08:19
#  File has been updated.
#  Successfully updated.

imgui.o: include/imgui.cpp
#  Implicit rule search has not been done.
#  Last modified 2022-08-22 09:25:43.83861549
#  File has been updated.
#  Successfully updated.
#  recipe to execute (from 'Makefile', line 16):
	$(CXX) -c $(INCLUDE)/imgui.cpp -o imgui.o
	

# Not a target:
include/imgui.cpp:
#  Implicit rule search has been done.
#  Last modified 2022-08-20 18:08:19
#  File has been updated.
#  Successfully updated.

# Not a target:
.DEFAULT:
#  Implicit rule search has not been done.
#  Modification time never checked.
#  File has not been updated.

# Not a target:
include/imgui-SFML.cpp:
#  Implicit rule search has been done.
#  Last modified 2022-08-21 23:20:38.707055642
#  File has been updated.
#  Successfully updated.

all: main.o imgui.o imgui_draw.o imgui-SFML.o imgui_tables.o imgui_widgets.o imgui_demo.o
#  Command line target.
#  Implicit rule search has not been done.
#  Implicit/static pattern stem: ''
#  File does not exist.
#  File has been updated.
#  Needs to be updated (-q is set).
# automatic
# @ := all
# automatic
# * := 
# automatic
# < := main.o
# automatic
# + := main.o imgui.o imgui_draw.o imgui-SFML.o imgui_tables.o imgui_widgets.o imgui_demo.o
# automatic
# % := 
# automatic
# ^ := main.o imgui.o imgui_draw.o imgui-SFML.o imgui_tables.o imgui_widgets.o imgui_demo.o
# automatic
# ? := main.o imgui.o imgui_draw.o imgui-SFML.o imgui_tables.o imgui_widgets.o imgui_demo.o
# automatic
# | := 
# variable set hash-table stats:
# Load=8/32=25%, Rehash=0, Collisions=2/18=11%
#  recipe to execute (from 'Makefile', line 10):
	$(CXX) -o $(OUTPUT) -I $(INCLUDE) $(OBJS) $(ALLFLAGS)  

imgui_draw.o: include/imgui_draw.cpp
#  Implicit rule search has not been done.
#  Last modified 2022-08-22 09:25:45.908615535
#  File has been updated.
#  Successfully updated.
#  recipe to execute (from 'Makefile', line 19):
	$(CXX) -c $(INCLUDE)/imgui_draw.cpp -o imgui_draw.o

run:
#  Implicit rule search has not been done.
#  Modification time never checked.
#  File has not been updated.
#  recipe to execute (from 'Makefile', line 36):
	./main

# Not a target:
main.cpp:
#  Implicit rule search has been done.
#  Last modified 2022-08-22 00:08:05.313158965
#  File has been updated.
#  Successfully updated.

main.o: main.cpp
#  Implicit rule search has not been done.
#  Last modified 2022-08-22 09:25:40.851948758
#  File has been updated.
#  Successfully updated.
#  recipe to execute (from 'Makefile', line 13):
	$(CXX) -c $(ALLFLAGS) main.cpp -o main.o

imgui_demo.o: include/imgui_demo.cpp
#  Implicit rule search has not been done.
#  Last modified 2022-08-22 09:25:52.001949
#  File has been updated.
#  Successfully updated.
#  recipe to execute (from 'Makefile', line 31):
	$(CXX) -c $(INCLUDE)/imgui_demo.cpp -o imgui_demo.o

# Not a target:
.SUFFIXES:
#  Implicit rule search has not been done.
#  Modification time never checked.
#  File has not been updated.

# Not a target:
include/imgui_widgets.cpp:
#  Implicit rule search has been done.
#  Last modified 2022-08-20 18:08:19
#  File has been updated.
#  Successfully updated.

# files hash-table stats:
# Load=20/1024=2%, Rehash=0, Collisions=0/53=0%
# VPATH Search Paths

# No 'vpath' search paths.

# No general ('VPATH' variable) search path.

# strcache buffers: 1 (0) / strings = 31 / storage = 365 B / avg = 11 B
# current buf: size = 8162 B / used = 365 B / count = 31 / avg = 11 B

# strcache performance: lookups = 62 / hit rate = 50%
# hash-table stats:
# Load=31/8192=0%, Rehash=0, Collisions=0/62=0%
# Finished Make data base on Mon Aug 22 09:26:49 2022

 
